C:\USERS\ALEXPARDO\CIR_PROJ\CODE\KINECTCLIENT\KINECTCLIENT\DEBUG\SOURCE.OBJ
C:\USERS\ALEXPARDO\CIR_PROJ\CODE\KINECTCLIENT\KINECTCLIENT\DEBUG\VC110.PDB
C:\USERS\ALEXPARDO\CIR_PROJ\CODE\KINECTCLIENT\DEBUG\KINECTCLIENT.ILK
C:\USERS\ALEXPARDO\CIR_PROJ\CODE\KINECTCLIENT\DEBUG\KINECTCLIENT.EXE
C:\USERS\ALEXPARDO\CIR_PROJ\CODE\KINECTCLIENT\DEBUG\KINECTCLIENT.PDB
C:\Users\alexpardo\CIR_proj\Code\KinectClient\KinectClient\Debug\Source.obj
C:\Users\alexpardo\CIR_proj\Code\KinectClient\KinectClient\Debug\cl.command.1.tlog
C:\Users\alexpardo\CIR_proj\Code\KinectClient\KinectClient\Debug\CL.read.1.tlog
C:\Users\alexpardo\CIR_proj\Code\KinectClient\KinectClient\Debug\CL.write.1.tlog
C:\Users\alexpardo\CIR_proj\Code\KinectClient\KinectClient\Debug\link-cvtres.read.1.tlog
C:\Users\alexpardo\CIR_proj\Code\KinectClient\KinectClient\Debug\link-cvtres.write.1.tlog
C:\Users\alexpardo\CIR_proj\Code\KinectClient\KinectClient\Debug\link-rc.read.1.tlog
C:\Users\alexpardo\CIR_proj\Code\KinectClient\KinectClient\Debug\link-rc.write.1.tlog
C:\Users\alexpardo\CIR_proj\Code\KinectClient\KinectClient\Debug\link.command.1.tlog
C:\Users\alexpardo\CIR_proj\Code\KinectClient\KinectClient\Debug\link.read.1.tlog
C:\Users\alexpardo\CIR_proj\Code\KinectClient\KinectClient\Debug\link.write.1.tlog
C:\Users\alexpardo\CIR_proj\Code\KinectClient\KinectClient\Debug\vc110.idb
C:\Users\alexpardo\CIR_proj\Code\KinectClient\KinectClient\Debug\vc110.pdb
C:\Users\alexpardo\CIR_proj\Code\KinectClient\Debug\KinectClient.pdb
C:\Users\alexpardo\CIR_proj\Code\KinectClient\Debug\KinectClient.exe
C:\Users\alexpardo\CIR_proj\Code\KinectClient\Debug\KinectClient.ilk
