Build started 17/11/2014 13:19:53.
     1>Project "D:\Documentos\Dropbox\CIR Project\Software\Code\SimpleRead\SimpleRead.vcxproj" on node 2 (Rebuild target(s)).
     1>ClCompile:
         C:\Program Files (x86)\Microsoft Visual Studio 11.0\VC\bin\x86_amd64\CL.exe /c /Ilib/websocketpp /Ilib /Ilib/rapidjson /IC:\boost_1_56_0 /I"C:\Program Files\OpenNI2\Include" /Zi /nologo /W4 /WX /MP /O2 /Ob2 /Oi /Ot /Oy /GL /D _MBCS /Gm- /EHsc /MD /GS- /arch:SSE2 /fp:fast /Zc:wchar_t /Zc:forScope /Fo"x64\Release\\" /Fd"x64\Release\vc110.pdb" /Gd /TP /errorReport:prompt main.cpp
     1>cl : Command line warning D9002: ignoring unknown option '/arch:SSE2'
         main.cpp
       Link:
         C:\Program Files (x86)\Microsoft Visual Studio 11.0\VC\bin\x86_amd64\link.exe /ERRORREPORT:PROMPT /OUT:"D:\Documentos\Dropbox\CIR Project\Software\Code\SimpleRead\x64\Release\SimpleRead.exe" /NOLOGO /LIBPATH:lib/websocketpp /LIBPATH:lib/rapidjson /LIBPATH:C:\boost_1_56_0\stage\lib /LIBPATH:"D:\Documentos\Dropbox\CIR Project\Software\Code\SimpleRead\x64\Release\\" /LIBPATH:"C:\Program Files\OpenNI2\Lib" /WX OpenNI2.lib /MANIFEST /MANIFESTUAC:"level='asInvoker' uiAccess='false'" /manifest:embed /DEBUG /PDB:"D:\Documentos\Dropbox\CIR Project\Software\Code\SimpleRead\x64\Release\SimpleRead.pdb" /OPT:REF /OPT:ICF /LTCG /TLBID:1 /DYNAMICBASE /NXCOMPAT /IMPLIB:"D:\Documentos\Dropbox\CIR Project\Software\Code\SimpleRead\x64\Release\SimpleRead.lib" /MACHINE:X64 x64\Release\main.obj
         Generating code
         Finished generating code
         SimpleRead.vcxproj -> D:\Documentos\Dropbox\CIR Project\Software\Code\SimpleRead\x64\Release\SimpleRead.exe
       PostBuildEvent:
         xcopy /D /S /F /Y "C:\Program Files\OpenNI2\Tools\*" "D:\Documentos\Dropbox\CIR Project\Software\Code\SimpleRead\x64\Release\"
         
         :VCEnd
         C:\Program Files\OpenNI2\Tools\NiViewer.pdb -> D:\Documentos\Dropbox\CIR Project\Software\Code\SimpleRead\x64\Release\NiViewer.pdb
         C:\Program Files\OpenNI2\Tools\OpenNI2.jni.pdb -> D:\Documentos\Dropbox\CIR Project\Software\Code\SimpleRead\x64\Release\OpenNI2.jni.pdb
         C:\Program Files\OpenNI2\Tools\OpenNI2.pdb -> D:\Documentos\Dropbox\CIR Project\Software\Code\SimpleRead\x64\Release\OpenNI2.pdb
         C:\Program Files\OpenNI2\Tools\PS1080Console.pdb -> D:\Documentos\Dropbox\CIR Project\Software\Code\SimpleRead\x64\Release\PS1080Console.pdb
         C:\Program Files\OpenNI2\Tools\PSLinkConsole.pdb -> D:\Documentos\Dropbox\CIR Project\Software\Code\SimpleRead\x64\Release\PSLinkConsole.pdb
         5 archivo(s) copiado(s)
     1>Done Building Project "D:\Documentos\Dropbox\CIR Project\Software\Code\SimpleRead\SimpleRead.vcxproj" (Rebuild target(s)).

Build succeeded.

Time Elapsed 00:00:01.03
