D:\DOCUMENTOS\DROPBOX\CIR PROJECT\SOFTWARE\CODE\SIMPLEREAD\X64\RELEASE\MAIN.OBJ
D:\DOCUMENTOS\DROPBOX\CIR PROJECT\SOFTWARE\CODE\SIMPLEREAD\X64\RELEASE\VC110.PDB
D:\DOCUMENTOS\DROPBOX\CIR PROJECT\SOFTWARE\CODE\SIMPLEREAD\X64\RELEASE\SIMPLEREAD.EXE
D:\DOCUMENTOS\DROPBOX\CIR PROJECT\SOFTWARE\CODE\SIMPLEREAD\X64\RELEASE\SIMPLEREAD.PDB
D:\Documentos\Dropbox\CIR Project\Software\Code\SimpleRead\x64\Release\main.obj
D:\Documentos\Dropbox\CIR Project\Software\Code\SimpleRead\x64\Release\CL.read.1.tlog
D:\Documentos\Dropbox\CIR Project\Software\Code\SimpleRead\x64\Release\CL.write.1.tlog
D:\Documentos\Dropbox\CIR Project\Software\Code\SimpleRead\x64\Release\cl.command.1.tlog
D:\Documentos\Dropbox\CIR Project\Software\Code\SimpleRead\x64\Release\link-rc.read.1.tlog
D:\Documentos\Dropbox\CIR Project\Software\Code\SimpleRead\x64\Release\link-rc.write.1.tlog
D:\Documentos\Dropbox\CIR Project\Software\Code\SimpleRead\x64\Release\link-cvtres.read.1.tlog
D:\Documentos\Dropbox\CIR Project\Software\Code\SimpleRead\x64\Release\link-cvtres.write.1.tlog
D:\Documentos\Dropbox\CIR Project\Software\Code\SimpleRead\x64\Release\link.read.1.tlog
D:\Documentos\Dropbox\CIR Project\Software\Code\SimpleRead\x64\Release\link.write.1.tlog
D:\Documentos\Dropbox\CIR Project\Software\Code\SimpleRead\x64\Release\link.command.1.tlog
D:\Documentos\Dropbox\CIR Project\Software\Code\SimpleRead\x64\Release\vc110.pdb
D:\Documentos\Dropbox\CIR Project\Software\Code\SimpleRead\x64\Release\SimpleRead.pdb
D:\Documentos\Dropbox\CIR Project\Software\Code\SimpleRead\x64\Release\NiViewer.pdb
D:\Documentos\Dropbox\CIR Project\Software\Code\SimpleRead\x64\Release\OpenNI2.jni.pdb
D:\Documentos\Dropbox\CIR Project\Software\Code\SimpleRead\x64\Release\OpenNI2.pdb
D:\Documentos\Dropbox\CIR Project\Software\Code\SimpleRead\x64\Release\PS1080Console.pdb
D:\Documentos\Dropbox\CIR Project\Software\Code\SimpleRead\x64\Release\PSLinkConsole.pdb
D:\Documentos\Dropbox\CIR Project\Software\Code\SimpleRead\x64\Release\SimpleRead.exe
