C:\USERS\ALEXPARDO\DESKTOP\SKELETONBASICS-D2D\X64\DEBUG\SKELETONBASICS.OBJ
C:\USERS\ALEXPARDO\DESKTOP\SKELETONBASICS-D2D\X64\DEBUG\VC110.PDB
C:\USERS\ALEXPARDO\DESKTOP\SKELETONBASICS-D2D\X64\DEBUG\SKELETONBASICS-D2D.ILK
C:\USERS\ALEXPARDO\DESKTOP\SKELETONBASICS-D2D\X64\DEBUG\SKELETONBASICS-D2D.EXE
C:\USERS\ALEXPARDO\DESKTOP\SKELETONBASICS-D2D\X64\DEBUG\SKELETONBASICS-D2D.PDB
C:\USERS\ALEXPARDO\DESKTOP\SKELETONBASICS-D2D\X64\DEBUG\SKELETONBASICS.RES
C:\Users\alexpardo\Desktop\SkeletonBasics-D2D\x64\Debug\SkeletonBasics.obj
C:\Users\alexpardo\Desktop\SkeletonBasics-D2D\x64\Debug\SkeletonBasics-D2D.ilk
C:\Users\alexpardo\Desktop\SkeletonBasics-D2D\x64\Debug\cl.command.1.tlog
C:\Users\alexpardo\Desktop\SkeletonBasics-D2D\x64\Debug\CL.read.1.tlog
C:\Users\alexpardo\Desktop\SkeletonBasics-D2D\x64\Debug\CL.write.1.tlog
C:\Users\alexpardo\Desktop\SkeletonBasics-D2D\x64\Debug\link-cvtres.read.1.tlog
C:\Users\alexpardo\Desktop\SkeletonBasics-D2D\x64\Debug\link-cvtres.write.1.tlog
C:\Users\alexpardo\Desktop\SkeletonBasics-D2D\x64\Debug\link-rc.read.1.tlog
C:\Users\alexpardo\Desktop\SkeletonBasics-D2D\x64\Debug\link-rc.write.1.tlog
C:\Users\alexpardo\Desktop\SkeletonBasics-D2D\x64\Debug\link.command.1.tlog
C:\Users\alexpardo\Desktop\SkeletonBasics-D2D\x64\Debug\link.read.1.tlog
C:\Users\alexpardo\Desktop\SkeletonBasics-D2D\x64\Debug\link.write.1.tlog
C:\Users\alexpardo\Desktop\SkeletonBasics-D2D\x64\Debug\rc.command.1.tlog
C:\Users\alexpardo\Desktop\SkeletonBasics-D2D\x64\Debug\rc.read.1.tlog
C:\Users\alexpardo\Desktop\SkeletonBasics-D2D\x64\Debug\rc.write.1.tlog
C:\Users\alexpardo\Desktop\SkeletonBasics-D2D\x64\Debug\SkeletonBasics.res
C:\Users\alexpardo\Desktop\SkeletonBasics-D2D\x64\Debug\vc110.idb
C:\Users\alexpardo\Desktop\SkeletonBasics-D2D\x64\Debug\SkeletonBasics-D2D.pdb
C:\Users\alexpardo\Desktop\SkeletonBasics-D2D\x64\Debug\vc110.pdb
C:\Users\alexpardo\Desktop\SkeletonBasics-D2D\x64\Debug\SkeletonBasics-D2D.exe
